<?xml version="1.0" encoding="UTF-8"?>
<testsuite xmlns:xsi="http://www.w3.org/2001/XMLSchema-instance" xsi:noNamespaceSchemaLocation="https://maven.apache.org/surefire/maven-surefire-plugin/xsd/surefire-test-report.xsd" version="3.0.2" name="com.VoleyPlay.backend.VoleyPlayApplicationTests" time="13.596" tests="1" errors="0" skipped="0" failures="0" flakes="0">
  <properties>
[...]
</properties>
  <testcase name="contextLoads" classname="com.VoleyPlay.backend.VoleyPlayApplicationTests" time="0.511">
    <system-out><![CDATA[10:30:58.867 [main] INFO org.springframework.test.context.support.AnnotationConfigContextLoaderUtils -- Could not detect default configuration classes for test class [com.VoleyPlay.backend.VoleyPlayApplicationTests]: VoleyPlayApplicationTests does not declare any static, non-private, non-final, nested classes annotated with @Configuration.
10:30:59.040 [main] INFO org.springframework.boot.test.context.SpringBootTestContextBootstrapper -- Found @SpringBootConfiguration com.VoleyPlay.backend.VoleyPlayApplication for test class com.VoleyPlay.backend.VoleyPlayApplicationTests
10:30:59.172 [main] INFO org.springframework.test.context.support.AnnotationConfigContextLoaderUtils -- Could not detect default configuration classes for test class [com.VoleyPlay.backend.VoleyPlayApplicationTests]: VoleyPlayApplicationTests does not declare any static, non-private, non-final, nested classes annotated with @Configuration.
10:30:59.175 [main] INFO org.springframework.boot.test.context.SpringBootTestContextBootstrapper -- Found @SpringBootConfiguration com.VoleyPlay.backend.VoleyPlayApplication for test class com.VoleyPlay.backend.VoleyPlayApplicationTests

  .   ____          _            __ _ _
 /\\ / ___'_ __ _ _(_)_ __  __ _ \ \ \ \
( ( )\___ | '_ | '_| | '_ \/ _` | \ \ \ \
 \\/  ___)| |_)| | | | | || (_| |  ) ) ) )
  '  |____| .__|_| |_|_| |_\__, | / / / /
 =========|_|==============|___/=/_/_/_/

 :: Spring Boot ::                (v4.1.1)

2026-09-24T10:30:59.675-05:00  INFO 7276 --- [VoleyPlay] [           main] c.V.backend.VoleyPlayApplicationTests    : Starting VoleyPlayApplicationTests using Java 25.0.4.1 with PID 7276 (started by Usuario in C:\Users\Usuario\PROGRAMACI-N-PARA-DESARROLLO-DE-SOFTWARE-WITH-ORACLE\equipos\equipo-05\Backend\VoleyPlay)
2026-09-24T10:30:59.677-05:00  INFO 7276 --- [VoleyPlay] [           main] c.V.backend.VoleyPlayApplicationTests    : No active profile set, falling back to 1 default profile: "default"
2026-09-24T10:31:00.633-05:00  INFO 7276 --- [VoleyPlay] [           main] .s.d.r.c.RepositoryConfigurationDelegate : Bootstrapping Spring Data JPA repositories in DEFAULT mode.
2026-09-24T10:31:00.716-05:00  INFO 7276 --- [VoleyPlay] [           main] .s.d.r.c.RepositoryConfigurationDelegate : Finished Spring Data repository scanning in 71 ms. Found 5 JPA repository interfaces.
2026-09-24T10:31:01.371-05:00  INFO 7276 --- [VoleyPlay] [           main] org.hibernate.orm.jpa                    : HHH008540: Processing PersistenceUnitInfo [name: default]
2026-09-24T10:31:01.445-05:00  INFO 7276 --- [VoleyPlay] [           main] org.hibernate.orm.core                   : HHH000001: Hibernate ORM core version 7.4.5.Final
2026-09-24T10:31:02.155-05:00  INFO 7276 --- [VoleyPlay] [           main] o.s.o.j.p.SpringPersistenceUnitInfo      : No LoadTimeWeaver setup: ignoring JPA class transformer
2026-09-24T10:31:02.192-05:00  INFO 7276 --- [VoleyPlay] [           main] com.zaxxer.hikari.HikariDataSource       : HikariPool-1 - Starting...
2026-09-24T10:31:05.114-05:00  INFO 7276 --- [VoleyPlay] [           main] com.zaxxer.hikari.pool.HikariPool        : HikariPool-1 - Added connection org.postgresql.jdbc.PgConnection@3d9c8c3c
2026-09-24T10:31:05.117-05:00  INFO 7276 --- [VoleyPlay] [           main] com.zaxxer.hikari.HikariDataSource       : HikariPool-1 - Start completed.
2026-09-24T10:31:06.744-05:00  INFO 7276 --- [VoleyPlay] [           main] org.hibernate.orm.connections.pooling    : HHH10001005: Database info:
	Database JDBC URL [jdbc:postgresql://ep-orange-sky-b4k1h0gz-pooler.c-6.us-east-2.aws.neon.tech:5432/neondb?sslmode=require]
	Database driver: PostgreSQL JDBC Driver
	Database dialect: PostgreSQLDialect
	Database version: 18.6
	Default catalog/schema: neondb/public
	Autocommit mode: undefined/unknown
	Isolation level: READ_COMMITTED [default READ_COMMITTED]
	JDBC fetch size: none
	Pool: DataSourceConnectionProvider
	Minimum pool size: undefined/unknown
	Maximum pool size: undefined/unknown
2026-09-24T10:31:08.129-05:00  INFO 7276 --- [VoleyPlay] [           main] org.hibernate.orm.core                   : HHH000489: No JTA platform available (set 'hibernate.transaction.jta.platform' to enable JTA platform integration)
2026-09-24T10:31:09.764-05:00  INFO 7276 --- [VoleyPlay] [           main] j.LocalContainerEntityManagerFactoryBean : Initialized JPA EntityManagerFactory for persistence unit 'default'
2026-09-24T10:31:09.946-05:00  INFO 7276 --- [VoleyPlay] [           main] o.s.d.j.r.query.QueryEnhancerFactories   : Hibernate is in classpath; If applicable, HQL parser will be used.
2026-09-24T10:31:10.585-05:00  WARN 7276 --- [VoleyPlay] [           main] JpaBaseConfiguration$JpaWebConfiguration : spring.jpa.open-in-view is enabled by default. Therefore, database queries may be performed during view rendering. Explicitly configure spring.jpa.open-in-view to disable this warning
2026-09-24T10:31:11.334-05:00  INFO 7276 --- [VoleyPlay] [           main] c.V.backend.VoleyPlayApplicationTests    : Started VoleyPlayApplicationTests in 12.049 seconds (process running for 13.734)
CONEXION EXITOSA
]]></system-out>
    <system-err><![CDATA[Mockito is currently self-attaching to enable the inline-mock-maker. This will no longer work in future releases of the JDK. Please add Mockito as an agent to your build as described in Mockito's documentation: https://javadoc.io/doc/org.mockito/mockito-core/latest/org.mockito/org/mockito/Mockito.html#0.3
WARNING: A Java agent has been loaded dynamically (C:\Users\Usuario\.m2\repository\net\bytebuddy\byte-buddy-agent\1.18.11\byte-buddy-agent-1.18.11.jar)
WARNING: If a serviceability tool is in use, please run with -XX:+EnableDynamicAgentLoading to hide this warning
WARNING: If a serviceability tool is not in use, please run with -Djdk.instrument.traceUsage for more information
WARNING: Dynamic loading of agents will be disallowed by default in a future release
]]></system-err>
  </testcase>
</testsuite>